<?xml version="1.0" encoding="UTF-8"?>
<!-- Generated by org.testng.reporters.JUnitXMLReporter -->
<testsuite ignored="0" hostname="DESKTOP-HHB522J" failures="0" tests="4" name="Default test" time="7.505" errors="0" timestamp="2025-11-24T07:44:13 IST">
  <testcase classname="LibraryAPI.AddBookTest" name="addBook" time="6.323"/>
  <testcase classname="LibraryAPI.AddBookTest" name="addBook" time="0.3"/>
  <testcase classname="LibraryAPI.AddBookTest" name="addBook" time="0.388"/>
  <testcase classname="LibraryAPI.AddBookTest" name="addBook" time="0.318"/>
</testsuite> <!-- Default test -->
