<?xml version="1.0" encoding="UTF-8"?>
<testng-results ignored="0" total="4" passed="4" failed="0" skipped="0">
  <reporter-output>
  </reporter-output>
  <suite started-at="2025-11-24T07:44:05 IST" name="Default suite" finished-at="2025-11-24T07:44:13 IST" duration-ms="7505">
    <groups>
    </groups>
    <test started-at="2025-11-24T07:44:05 IST" name="Default test" finished-at="2025-11-24T07:44:13 IST" duration-ms="7505">
      <class name="LibraryAPI.AddBookTest">
        <test-method signature="addBook(java.lang.String,java.lang.String)[pri:0, instance:LibraryAPI.AddBookTest@74f0ea28]" started-at="2025-11-24T07:44:05 IST" name="addBook" data-provider="testData" finished-at="2025-11-24T07:44:12 IST" duration-ms="6323" status="PASS">
          <params>
            <param index="0">
              <value>
                <![CDATA[hari]]>
              </value>
            </param>
            <param index="1">
              <value>
                <![CDATA[2000]]>
              </value>
            </param>
          </params>
          <reporter-output>
          </reporter-output>
        </test-method> <!-- addBook -->
        <test-method signature="addBook(java.lang.String,java.lang.String)[pri:0, instance:LibraryAPI.AddBookTest@74f0ea28]" started-at="2025-11-24T07:44:12 IST" name="addBook" data-provider="testData" finished-at="2025-11-24T07:44:12 IST" duration-ms="300" status="PASS">
          <params>
            <param index="0">
              <value>
                <![CDATA[Amal]]>
              </value>
            </param>
            <param index="1">
              <value>
                <![CDATA[9800]]>
              </value>
            </param>
          </params>
          <reporter-output>
          </reporter-output>
        </test-method> <!-- addBook -->
        <test-method signature="addBook(java.lang.String,java.lang.String)[pri:0, instance:LibraryAPI.AddBookTest@74f0ea28]" started-at="2025-11-24T07:44:12 IST" name="addBook" data-provider="testData" finished-at="2025-11-24T07:44:12 IST" duration-ms="388" status="PASS">
          <params>
            <param index="0">
              <value>
                <![CDATA[Demo]]>
              </value>
            </param>
            <param index="1">
              <value>
                <![CDATA[200]]>
              </value>
            </param>
          </params>
          <reporter-output>
          </reporter-output>
        </test-method> <!-- addBook -->
        <test-method signature="addBook(java.lang.String,java.lang.String)[pri:0, instance:LibraryAPI.AddBookTest@74f0ea28]" started-at="2025-11-24T07:44:12 IST" name="addBook" data-provider="testData" finished-at="2025-11-24T07:44:13 IST" duration-ms="318" status="PASS">
          <params>
            <param index="0">
              <value>
                <![CDATA[Gokul]]>
              </value>
            </param>
            <param index="1">
              <value>
                <![CDATA[290]]>
              </value>
            </param>
          </params>
          <reporter-output>
          </reporter-output>
        </test-method> <!-- addBook -->
      </class> <!-- LibraryAPI.AddBookTest -->
    </test> <!-- Default test -->
  </suite> <!-- Default suite -->
</testng-results>
