<?xml version="1.0" encoding="UTF-8"?>
<testng-results ignored="0" total="1" passed="1" failed="0" skipped="0">
  <reporter-output>
  </reporter-output>
  <suite started-at="2025-11-28T07:49:16 IST" name="Default suite" finished-at="2025-11-28T07:49:23 IST" duration-ms="6690">
    <groups>
    </groups>
    <test started-at="2025-11-28T07:49:16 IST" name="Default test" finished-at="2025-11-28T07:49:23 IST" duration-ms="6690">
      <class name="MapPojo.MAPAPIRestAssuredSpecBuilder_Simplified">
        <test-method signature="addMap()[pri:0, instance:MapPojo.MAPAPIRestAssuredSpecBuilder_Simplified@59662a0b]" started-at="2025-11-28T07:49:16 IST" name="addMap" finished-at="2025-11-28T07:49:23 IST" duration-ms="6590" status="PASS">
          <reporter-output>
          </reporter-output>
        </test-method> <!-- addMap -->
      </class> <!-- MapPojo.MAPAPIRestAssuredSpecBuilder_Simplified -->
    </test> <!-- Default test -->
  </suite> <!-- Default suite -->
</testng-results>
