<?xml version="1.0" encoding="UTF-8"?>
<!-- Generated by org.testng.reporters.JUnitReportReporter -->
<testsuite hostname="DESKTOP-HHB522J" failures="0" tests="1" name="API_RestAssured.hgk.RestAssured.PUT_UpdateAddressDetails" time="7.427" errors="0" timestamp="2025-11-23T09:47:25 IST" skipped="0">
  <testcase classname="API_RestAssured.hgk.RestAssured.PUT_UpdateAddressDetails" name="updateDetailsTest" time="7.427"/>
</testsuite> <!-- API_RestAssured.hgk.RestAssured.PUT_UpdateAddressDetails -->
