<?xml version="1.0" encoding="UTF-8"?>
<!-- Generated by org.testng.reporters.JUnitReportReporter -->
<testsuite hostname="DESKTOP-HHB522J" failures="0" tests="8" name="LibraryAPI.AddBookTest" time="11.588" errors="0" timestamp="2025-11-25T20:33:28 IST" skipped="0">
  <testcase classname="LibraryAPI.AddBookTest" name="addBook" time="0.732"/>
  <testcase classname="LibraryAPI.AddBookTest" name="addBook" time="0.825"/>
  <testcase classname="LibraryAPI.AddBookTest" name="addBook" time="0.784"/>
  <testcase classname="LibraryAPI.AddBookTest" name="addBook" time="5.812"/>
  <testcase classname="LibraryAPI.AddBookTest" name="addBook" time="0.936"/>
  <testcase classname="LibraryAPI.AddBookTest" name="addBook" time="0.873"/>
  <testcase classname="LibraryAPI.AddBookTest" name="addBook" time="0.629"/>
  <testcase classname="LibraryAPI.AddBookTest" name="addBook" time="0.997"/>
</testsuite> <!-- LibraryAPI.AddBookTest -->
