<?xml version="1.0" encoding="UTF-8"?>
<!-- Generated by org.testng.reporters.JUnitReportReporter -->
<testsuite hostname="DESKTOP-HHB522J" failures="0" tests="1" name="Practice_POJO_Deserialization.GetAPIMainClassUsingDeserialization" time="5.861" errors="0" timestamp="2025-12-26T22:07:01 IST" skipped="0">
  <testcase classname="Practice_POJO_Deserialization.GetAPIMainClassUsingDeserialization" name="deserializeTest" time="5.861"/>
</testsuite> <!-- Practice_POJO_Deserialization.GetAPIMainClassUsingDeserialization -->
