<?xml version="1.0" encoding="UTF-8"?>
<!-- Generated by org.testng.reporters.JUnitReportReporter -->
<testsuite hostname="DESKTOP-HHB522J" failures="0" tests="2" name="LetsShopEcom_E2E_RestAssuredAPI.LoginWebSite" time="6.222" errors="0" timestamp="2025-11-29T07:17:14 IST" skipped="0">
  <testcase classname="LetsShopEcom_E2E_RestAssuredAPI.LoginWebSite" name="loginUser" time="0.321"/>
  <testcase classname="LetsShopEcom_E2E_RestAssuredAPI.LoginWebSite" name="loginUser" time="5.901"/>
</testsuite> <!-- LetsShopEcom_E2E_RestAssuredAPI.LoginWebSite -->
