<?xml version="1.0" encoding="UTF-8"?>
<testng-results ignored="0" total="1" passed="1" failed="0" skipped="0">
  <reporter-output>
  </reporter-output>
  <suite started-at="2025-12-24T11:47:27 IST" name="Default suite" finished-at="2025-12-24T11:47:38 IST" duration-ms="11384">
    <groups>
      <group name="cucumber">
        <method signature="AbstractTestNGCucumberTests.runScenario(io.cucumber.testng.PickleWrapper,io.cucumber.testng.FeatureWrapper)[pri:0, instance:CucumberTestRunner.PostAPITestRunner@45c7e403]" name="runScenario" class="io.cucumber.testng.AbstractTestNGCucumberTests"/>
      </group> <!-- cucumber -->
    </groups>
    <test started-at="2025-12-24T11:47:27 IST" name="Default test" finished-at="2025-12-24T11:47:38 IST" duration-ms="11384">
      <class name="CucumberTestRunner.PostAPITestRunner">
        <test-method is-config="true" signature="setUpClass(org.testng.ITestContext)[pri:0, instance:CucumberTestRunner.PostAPITestRunner@45c7e403]" started-at="2025-12-24T11:47:27 IST" name="setUpClass" finished-at="2025-12-24T11:47:28 IST" duration-ms="860" status="PASS">
          <params>
            <param index="0">
              <value>
                <![CDATA[org.testng.TestRunner@3e52ed5d]]>
              </value>
            </param>
          </params>
          <reporter-output>
          </reporter-output>
        </test-method> <!-- setUpClass -->
        <test-method signature="runScenario(io.cucumber.testng.PickleWrapper,io.cucumber.testng.FeatureWrapper)[pri:0, instance:CucumberTestRunner.PostAPITestRunner@45c7e403]" started-at="2025-12-24T11:47:28 IST" name="runScenario" description="Runs Cucumber Scenarios" data-provider="scenarios" finished-at="2025-12-24T11:47:38 IST" duration-ms="10246" status="PASS">
          <params>
            <param index="0">
              <value>
                <![CDATA["Delete Place API"]]>
              </value>
            </param>
            <param index="1">
              <value>
                <![CDATA["Title of your feature"]]>
              </value>
            </param>
          </params>
          <reporter-output>
          </reporter-output>
        </test-method> <!-- runScenario -->
        <test-method is-config="true" signature="tearDownClass()[pri:0, instance:CucumberTestRunner.PostAPITestRunner@45c7e403]" started-at="2025-12-24T11:47:38 IST" name="tearDownClass" finished-at="2025-12-24T11:47:38 IST" duration-ms="182" status="PASS">
          <reporter-output>
          </reporter-output>
        </test-method> <!-- tearDownClass -->
      </class> <!-- CucumberTestRunner.PostAPITestRunner -->
    </test> <!-- Default test -->
  </suite> <!-- Default suite -->
</testng-results>
