<?xml version="1.0" encoding="UTF-8"?>
<!-- Generated by org.testng.reporters.JUnitReportReporter -->
<testsuite hostname="DESKTOP-HHB522J" failures="0" tests="2" name="API_RestAssured.TestAPI.POST_GET_PUT_DELETE_APIs" time="24.521" errors="0" timestamp="2025-11-23T18:18:56 IST" skipped="0">
  <testcase classname="API_RestAssured.TestAPI.POST_GET_PUT_DELETE_APIs" name="AddAddressAPI" time="15.100"/>
  <testcase classname="API_RestAssured.TestAPI.POST_GET_PUT_DELETE_APIs" name="AddAddressAPI" time="9.421"/>
</testsuite> <!-- API_RestAssured.TestAPI.POST_GET_PUT_DELETE_APIs -->
